<?xml version="1.0" encoding="UTF-8"?>
<testng-results ignored="0" total="1" passed="0" failed="1" skipped="0">
  <reporter-output>
  </reporter-output>
  <suite started-at="2021-01-14T10:20:09Z" name="Suite" finished-at="2021-01-14T10:30:12Z" duration-ms="603770">
    <groups>
    </groups>
    <test started-at="2021-01-14T10:20:09Z" name="Test" finished-at="2021-01-14T10:30:12Z" duration-ms="603770">
      <class name="sampleTest.Test1">
        <test-method signature="test1()[pri:0, instance:sampleTest.Test1@4d910fd6]" started-at="2021-01-14T15:50:09Z" name="test1" finished-at="2021-01-14T16:00:12Z" duration-ms="603688" status="FAIL">
          <exception class="org.openqa.selenium.SessionNotCreatedException">
            <message>
              <![CDATA[session not created
from timeout: Timed out receiving message from renderer: 600.000
  (Session info: chrome=87.0.4280.141)
Build info: version: '3.11.0', revision: 'e59cfb3', time: '2018-03-11T20:26:55.152Z'
System info: host: 'DESKTOP-SHR30HH', ip: '192.168.43.23', os.name: 'Windows 10', os.arch: 'amd64', os.version: '10.0', java.version: '15.0.1'
Driver info: driver.version: ChromeDriver
remote stacktrace: Backtrace:
	Ordinal0 [0x0063C0C3+3326147]
	Ordinal0 [0x00520851+2164817]
	Ordinal0 [0x003A7298+619160]
	Ordinal0 [0x0039B17F+569727]
	Ordinal0 [0x0039A421+566305]
	Ordinal0 [0x0039A815+567317]
	Ordinal0 [0x0039A135+565557]
	Ordinal0 [0x0039FEF0+589552]
	Ordinal0 [0x0039A0F1+565489]
	Ordinal0 [0x0039AEA2+568994]
	Ordinal0 [0x0039A421+566305]
	Ordinal0 [0x0039A815+567317]
	Ordinal0 [0x0039A135+565557]
	Ordinal0 [0x0039F075+585845]
	Ordinal0 [0x0039A0F1+565489]
	Ordinal0 [0x0039AEA2+568994]
	Ordinal0 [0x0039A421+566305]
	Ordinal0 [0x0039A815+567317]
	Ordinal0 [0x0039A135+565557]
	Ordinal0 [0x00396776+550774]
	Ordinal0 [0x0039A0F1+565489]
	Ordinal0 [0x00399F13+565011]
	Ordinal0 [0x00399D07+564487]
	Ordinal0 [0x003A82C0+623296]
	Ordinal0 [0x00346BDD+224221]
	Ordinal0 [0x00345CAC+220332]
	Ordinal0 [0x0034189B+202907]
	Ordinal0 [0x00323DF4+81396]
	Ordinal0 [0x00324DEE+85486]
	Ordinal0 [0x00324D79+85369]
	Ordinal0 [0x005385DC+2262492]
	GetHandleVerifier [0x007C2874+1487204]
	GetHandleVerifier [0x007C23CD+1486013]
	GetHandleVerifier [0x007CA368+1518680]
	GetHandleVerifier [0x007C2F4E+1488958]
	Ordinal0 [0x0052ED0D+2223373]
	Ordinal0 [0x0053A12B+2269483]
	Ordinal0 [0x0053A26F+2269807]
	Ordinal0 [0x0054ECB8+2354360]
	BaseThreadInitThunk [0x7533FA29+25]
	RtlGetAppContainerNamedObjectPath [0x774975F4+228]
	RtlGetAppContainerNamedObjectPath [0x774975C4+180]
]]>
            </message>
            <full-stacktrace>
              <![CDATA[org.openqa.selenium.SessionNotCreatedException: session not created
from timeout: Timed out receiving message from renderer: 600.000
  (Session info: chrome=87.0.4280.141)
Build info: version: '3.11.0', revision: 'e59cfb3', time: '2018-03-11T20:26:55.152Z'
System info: host: 'DESKTOP-SHR30HH', ip: '192.168.43.23', os.name: 'Windows 10', os.arch: 'amd64', os.version: '10.0', java.version: '15.0.1'
Driver info: driver.version: ChromeDriver
remote stacktrace: Backtrace:
	Ordinal0 [0x0063C0C3+3326147]
	Ordinal0 [0x00520851+2164817]
	Ordinal0 [0x003A7298+619160]
	Ordinal0 [0x0039B17F+569727]
	Ordinal0 [0x0039A421+566305]
	Ordinal0 [0x0039A815+567317]
	Ordinal0 [0x0039A135+565557]
	Ordinal0 [0x0039FEF0+589552]
	Ordinal0 [0x0039A0F1+565489]
	Ordinal0 [0x0039AEA2+568994]
	Ordinal0 [0x0039A421+566305]
	Ordinal0 [0x0039A815+567317]
	Ordinal0 [0x0039A135+565557]
	Ordinal0 [0x0039F075+585845]
	Ordinal0 [0x0039A0F1+565489]
	Ordinal0 [0x0039AEA2+568994]
	Ordinal0 [0x0039A421+566305]
	Ordinal0 [0x0039A815+567317]
	Ordinal0 [0x0039A135+565557]
	Ordinal0 [0x00396776+550774]
	Ordinal0 [0x0039A0F1+565489]
	Ordinal0 [0x00399F13+565011]
	Ordinal0 [0x00399D07+564487]
	Ordinal0 [0x003A82C0+623296]
	Ordinal0 [0x00346BDD+224221]
	Ordinal0 [0x00345CAC+220332]
	Ordinal0 [0x0034189B+202907]
	Ordinal0 [0x00323DF4+81396]
	Ordinal0 [0x00324DEE+85486]
	Ordinal0 [0x00324D79+85369]
	Ordinal0 [0x005385DC+2262492]
	GetHandleVerifier [0x007C2874+1487204]
	GetHandleVerifier [0x007C23CD+1486013]
	GetHandleVerifier [0x007CA368+1518680]
	GetHandleVerifier [0x007C2F4E+1488958]
	Ordinal0 [0x0052ED0D+2223373]
	Ordinal0 [0x0053A12B+2269483]
	Ordinal0 [0x0053A26F+2269807]
	Ordinal0 [0x0054ECB8+2354360]
	BaseThreadInitThunk [0x7533FA29+25]
	RtlGetAppContainerNamedObjectPath [0x774975F4+228]
	RtlGetAppContainerNamedObjectPath [0x774975C4+180]

	at java.base/jdk.internal.reflect.NativeConstructorAccessorImpl.newInstance0(Native Method)
	at java.base/jdk.internal.reflect.NativeConstructorAccessorImpl.newInstance(NativeConstructorAccessorImpl.java:64)
	at java.base/jdk.internal.reflect.DelegatingConstructorAccessorImpl.newInstance(DelegatingConstructorAccessorImpl.java:45)
	at java.base/java.lang.reflect.Constructor.newInstanceWithCaller(Constructor.java:500)
	at java.base/java.lang.reflect.Constructor.newInstance(Constructor.java:481)
	at org.openqa.selenium.remote.W3CHandshakeResponse.lambda$new$0(W3CHandshakeResponse.java:57)
	at org.openqa.selenium.remote.W3CHandshakeResponse.lambda$getResponseFunction$2(W3CHandshakeResponse.java:104)
	at org.openqa.selenium.remote.ProtocolHandshake.lambda$createSession$0(ProtocolHandshake.java:123)
	at java.base/java.util.stream.ReferencePipeline$3$1.accept(ReferencePipeline.java:195)
	at java.base/java.util.Spliterators$ArraySpliterator.tryAdvance(Spliterators.java:958)
	at java.base/java.util.stream.ReferencePipeline.forEachWithCancel(ReferencePipeline.java:127)
	at java.base/java.util.stream.AbstractPipeline.copyIntoWithCancel(AbstractPipeline.java:502)
	at java.base/java.util.stream.AbstractPipeline.copyInto(AbstractPipeline.java:488)
	at java.base/java.util.stream.AbstractPipeline.wrapAndCopyInto(AbstractPipeline.java:474)
	at java.base/java.util.stream.FindOps$FindOp.evaluateSequential(FindOps.java:150)
	at java.base/java.util.stream.AbstractPipeline.evaluate(AbstractPipeline.java:234)
	at java.base/java.util.stream.ReferencePipeline.findFirst(ReferencePipeline.java:543)
	at org.openqa.selenium.remote.ProtocolHandshake.createSession(ProtocolHandshake.java:126)
	at org.openqa.selenium.remote.ProtocolHandshake.createSession(ProtocolHandshake.java:73)
	at org.openqa.selenium.remote.HttpCommandExecutor.execute(HttpCommandExecutor.java:136)
	at org.openqa.selenium.remote.service.DriverCommandExecutor.execute(DriverCommandExecutor.java:83)
	at org.openqa.selenium.remote.RemoteWebDriver.execute(RemoteWebDriver.java:545)
	at org.openqa.selenium.remote.RemoteWebDriver.startSession(RemoteWebDriver.java:209)
	at org.openqa.selenium.remote.RemoteWebDriver.<init>(RemoteWebDriver.java:132)
	at org.openqa.selenium.chrome.ChromeDriver.<init>(ChromeDriver.java:181)
	at org.openqa.selenium.chrome.ChromeDriver.<init>(ChromeDriver.java:168)
	at org.openqa.selenium.chrome.ChromeDriver.<init>(ChromeDriver.java:123)
	at sampleTest.Test1.test1(Test1.java:17)
	at java.base/jdk.internal.reflect.NativeMethodAccessorImpl.invoke0(Native Method)
	at java.base/jdk.internal.reflect.NativeMethodAccessorImpl.invoke(NativeMethodAccessorImpl.java:64)
	at java.base/jdk.internal.reflect.DelegatingMethodAccessorImpl.invoke(DelegatingMethodAccessorImpl.java:43)
	at java.base/java.lang.reflect.Method.invoke(Method.java:564)
	at org.testng.internal.MethodInvocationHelper.invokeMethod(MethodInvocationHelper.java:108)
	at org.testng.internal.Invoker.invokeMethod(Invoker.java:661)
	at org.testng.internal.Invoker.invokeTestMethod(Invoker.java:869)
	at org.testng.internal.Invoker.invokeTestMethods(Invoker.java:1193)
	at org.testng.internal.TestMethodWorker.invokeTestMethods(TestMethodWorker.java:126)
	at org.testng.internal.TestMethodWorker.run(TestMethodWorker.java:109)
	at org.testng.TestRunner.privateRun(TestRunner.java:744)
	at org.testng.TestRunner.run(TestRunner.java:602)
	at org.testng.SuiteRunner.runTest(SuiteRunner.java:380)
	at org.testng.SuiteRunner.runSequentially(SuiteRunner.java:375)
	at org.testng.SuiteRunner.privateRun(SuiteRunner.java:340)
	at org.testng.SuiteRunner.run(SuiteRunner.java:289)
	at org.testng.SuiteRunnerWorker.runSuite(SuiteRunnerWorker.java:52)
	at org.testng.SuiteRunnerWorker.run(SuiteRunnerWorker.java:86)
	at org.testng.TestNG.runSuitesSequentially(TestNG.java:1301)
	at org.testng.TestNG.runSuitesLocally(TestNG.java:1226)
	at org.testng.TestNG.runSuites(TestNG.java:1144)
	at org.testng.TestNG.run(TestNG.java:1115)
	at org.apache.maven.surefire.testng.TestNGExecutor.run(TestNGExecutor.java:295)
	at org.apache.maven.surefire.testng.TestNGXmlTestSuite.execute(TestNGXmlTestSuite.java:84)
	at org.apache.maven.surefire.testng.TestNGProvider.invoke(TestNGProvider.java:90)
	at org.apache.maven.surefire.booter.ForkedBooter.invokeProviderInSameClassLoader(ForkedBooter.java:203)
	at org.apache.maven.surefire.booter.ForkedBooter.runSuitesInProcess(ForkedBooter.java:155)
	at org.apache.maven.surefire.booter.ForkedBooter.main(ForkedBooter.java:103)
]]>
            </full-stacktrace>
          </exception> <!-- org.openqa.selenium.SessionNotCreatedException -->
          <reporter-output>
          </reporter-output>
        </test-method> <!-- test1 -->
      </class> <!-- sampleTest.Test1 -->
    </test> <!-- Test -->
  </suite> <!-- Suite -->
</testng-results>
